0 info it worked if it ends with ok
1 verbose cli [ 'node',
1 verbose cli   '/Users/scott.prue/.nvm/v0.10.38/bin/npm',
1 verbose cli   'run',
1 verbose cli   'dev' ]
2 info using npm@2.14.2
3 info using node@v0.10.38
4 verbose run-script [ 'predev', 'dev', 'postdev' ]
5 info predev react-webpack-basic@0.1.0
6 info dev react-webpack-basic@0.1.0
7 verbose unsafe-perm in lifecycle true
8 info react-webpack-basic@0.1.0 Failed to exec dev script
9 verbose stack Error: react-webpack-basic@0.1.0 dev: `node bin/dev-server`
9 verbose stack Exit status 8
9 verbose stack     at EventEmitter.<anonymous> (/Users/scott.prue/.nvm/v0.10.38/lib/node_modules/npm/lib/utils/lifecycle.js:214:16)
9 verbose stack     at EventEmitter.emit (events.js:98:17)
9 verbose stack     at ChildProcess.<anonymous> (/Users/scott.prue/.nvm/v0.10.38/lib/node_modules/npm/lib/utils/spawn.js:24:14)
9 verbose stack     at ChildProcess.emit (events.js:98:17)
9 verbose stack     at maybeClose (child_process.js:766:16)
9 verbose stack     at Process.ChildProcess._handle.onexit (child_process.js:833:5)
10 verbose pkgid react-webpack-basic@0.1.0
11 verbose cwd /Users/scott.prue/Dev/Code/react-webpack-basic
12 error Darwin 14.3.0
13 error argv "node" "/Users/scott.prue/.nvm/v0.10.38/bin/npm" "run" "dev"
14 error node v0.10.38
15 error npm  v2.14.2
16 error code ELIFECYCLE
17 error react-webpack-basic@0.1.0 dev: `node bin/dev-server`
17 error Exit status 8
18 error Failed at the react-webpack-basic@0.1.0 dev script 'node bin/dev-server'.
18 error This is most likely a problem with the react-webpack-basic package,
18 error not with npm itself.
18 error Tell the author that this fails on your system:
18 error     node bin/dev-server
18 error You can get their info via:
18 error     npm owner ls react-webpack-basic
18 error There is likely additional logging output above.
19 verbose exit [ 1, true ]
